[    0.000000] Initializing cgroup subsys cpuset
[    0.000000] Initializing cgroup subsys cpu
[    0.000000] Initializing cgroup subsys cpuacct
[    0.000000] Linux version 4.4.0-164-generic (buildd@lgw01-amd64-021) (gcc version 5.4.0 20160609 (Ubuntu 5.4.0-6ubuntu1~16.04.10) ) #192-Ubuntu SMP Fri Sep 13 12:02:50 UTC 2019 (Ubuntu 4.4.0-164.192-generic 4.4.186)
[    0.000000] Command line: BOOT_IMAGE=/boot/vmlinuz-4.4.0-164-generic root=LABEL=cloudimg-rootfs ro console=tty1 console=ttyS0
[    0.000000] KERNEL supported cpus:
[    0.000000]   Intel GenuineIntel
[    0.000000]   AMD AuthenticAMD
[    0.000000]   Centaur CentaurHauls
[    0.000000] x86/fpu: xstate_offset[2]:  576, xstate_sizes[2]:  256
[    0.000000] x86/fpu: Supporting XSAVE feature 0x01: 'x87 floating point registers'
[    0.000000] x86/fpu: Supporting XSAVE feature 0x02: 'SSE registers'
[    0.000000] x86/fpu: Supporting XSAVE feature 0x04: 'AVX registers'
[    0.000000] x86/fpu: Enabled xstate features 0x7, context size is 832 bytes, using 'standard' format.
[    0.000000] e820: BIOS-provided physical RAM map:
[    0.000000] BIOS-e820: [mem 0x0000000000000000-0x000000000009fbff] usable
[    0.000000] BIOS-e820: [mem 0x000000000009fc00-0x000000000009ffff] reserved
[    0.000000] BIOS-e820: [mem 0x00000000000f0000-0x00000000000fffff] reserved
[    0.000000] BIOS-e820: [mem 0x0000000000100000-0x000000003ffeffff] usable
[    0.000000] BIOS-e820: [mem 0x000000003fff0000-0x000000003fffffff] ACPI data
[    0.000000] BIOS-e820: [mem 0x00000000fec00000-0x00000000fec00fff] reserved
[    0.000000] BIOS-e820: [mem 0x00000000fee00000-0x00000000fee00fff] reserved
[    0.000000] BIOS-e820: [mem 0x00000000fffc0000-0x00000000ffffffff] reserved
[    0.000000] NX (Execute Disable) protection: active
[    0.000000] SMBIOS 2.5 present.
[    0.000000] Hypervisor detected: KVM
[    0.000000] e820: last_pfn = 0x3fff0 max_arch_pfn = 0x400000000
[    0.000000] MTRR: Disabled
[    0.000000] x86/PAT: MTRRs disabled, skipping PAT initialization too.
[    0.000000] CPU MTRRs all blank - virtualized system.
[    0.000000] x86/PAT: Configuration [0-7]: WB  WT  UC- UC  WB  WT  UC- UC  
[    0.000000] found SMP MP-table at [mem 0x0009fff0-0x0009ffff] mapped at [ffff88000009fff0]
[    0.000000] Scanning 1 areas for low memory corruption
[    0.000000] RAMDISK: [mem 0x361e4000-0x370e9fff]
[    0.000000] ACPI: Early table checksum verification disabled
[    0.000000] ACPI: RSDP 0x00000000000E0000 000024 (v02 VBOX  )
[    0.000000] ACPI: XSDT 0x000000003FFF0030 00003C (v01 VBOX   VBOXXSDT 00000001 ASL  00000061)
[    0.000000] ACPI: FACP 0x000000003FFF00F0 0000F4 (v04 VBOX   VBOXFACP 00000001 ASL  00000061)
[    0.000000] ACPI: DSDT 0x000000003FFF0470 0022EA (v02 VBOX   VBOXBIOS 00000002 INTL 20100528)
[    0.000000] ACPI: FACS 0x000000003FFF0200 000040
[    0.000000] ACPI: FACS 0x000000003FFF0200 000040
[    0.000000] ACPI: APIC 0x000000003FFF0240 00005C (v02 VBOX   VBOXAPIC 00000001 ASL  00000061)
[    0.000000] ACPI: SSDT 0x000000003FFF02A0 0001CC (v01 VBOX   VBOXCPUT 00000002 INTL 20100528)
[    0.000000] No NUMA configuration found
[    0.000000] Faking a node at [mem 0x0000000000000000-0x000000003ffeffff]
[    0.000000] NODE_DATA(0) allocated [mem 0x3ffeb000-0x3ffeffff]
[    0.000000] kvm-clock: Using msrs 4b564d01 and 4b564d00
[    0.000000] kvm-clock: cpu 0, msr 0:3ffe3001, primary cpu clock
[    0.000000] kvm-clock: using sched offset of 3493608465 cycles
[    0.000000] clocksource: kvm-clock: mask: 0xffffffffffffffff max_cycles: 0x1cd42e4dffb, max_idle_ns: 881590591483 ns
[    0.000000] Zone ranges:
[    0.000000]   DMA      [mem 0x0000000000001000-0x0000000000ffffff]
[    0.000000]   DMA32    [mem 0x0000000001000000-0x000000003ffeffff]
[    0.000000]   Normal   empty
[    0.000000]   Device   empty
[    0.000000] Movable zone start for each node
[    0.000000] Early memory node ranges
[    0.000000]   node   0: [mem 0x0000000000001000-0x000000000009efff]
[    0.000000]   node   0: [mem 0x0000000000100000-0x000000003ffeffff]
[    0.000000] Initmem setup node 0 [mem 0x0000000000001000-0x000000003ffeffff]
[    0.000000] ACPI: PM-Timer IO Port: 0x4008
[    0.000000] IOAPIC[0]: apic_id 2, version 32, address 0xfec00000, GSI 0-23
[    0.000000] ACPI: INT_SRC_OVR (bus 0 bus_irq 0 global_irq 2 dfl dfl)
[    0.000000] ACPI: INT_SRC_OVR (bus 0 bus_irq 9 global_irq 9 low level)
[    0.000000] Using ACPI (MADT) for SMP configuration information
[    0.000000] smpboot: Allowing 2 CPUs, 0 hotplug CPUs
[    0.000000] PM: Registered nosave memory: [mem 0x00000000-0x00000fff]
[    0.000000] PM: Registered nosave memory: [mem 0x0009f000-0x0009ffff]
[    0.000000] PM: Registered nosave memory: [mem 0x000a0000-0x000effff]
[    0.000000] PM: Registered nosave memory: [mem 0x000f0000-0x000fffff]
[    0.000000] e820: [mem 0x40000000-0xfebfffff] available for PCI devices
[    0.000000] Booting paravirtualized kernel on KVM
[    0.000000] clocksource: refined-jiffies: mask: 0xffffffff max_cycles: 0xffffffff, max_idle_ns: 7645519600211568 ns
[    0.000000] setup_percpu: NR_CPUS:512 nr_cpumask_bits:512 nr_cpu_ids:2 nr_node_ids:1
[    0.000000] PERCPU: Embedded 34 pages/cpu @ffff88003fc00000 s99544 r8192 d31528 u1048576
[    0.000000] Built 1 zonelists in Node order, mobility grouping on.  Total pages: 257912
[    0.000000] Policy zone: DMA32
[    0.000000] Kernel command line: BOOT_IMAGE=/boot/vmlinuz-4.4.0-164-generic root=LABEL=cloudimg-rootfs ro console=tty1 console=ttyS0
[    0.000000] PID hash table entries: 4096 (order: 3, 32768 bytes)
[    0.000000] Memory: 997172K/1048120K available (8622K kernel code, 1335K rwdata, 4032K rodata, 1488K init, 1284K bss, 50948K reserved, 0K cma-reserved)
[    0.000000] SLUB: HWalign=64, Order=0-3, MinObjects=0, CPUs=2, Nodes=1
[    0.000000] Kernel/User page tables isolation: enabled
[    0.000000] Hierarchical RCU implementation.
[    0.000000] 	Build-time adjustment of leaf fanout to 64.
[    0.000000] 	RCU restricting CPUs from NR_CPUS=512 to nr_cpu_ids=2.
[    0.000000] RCU: Adjusting geometry for rcu_fanout_leaf=64, nr_cpu_ids=2
[    0.000000] NR_IRQS:33024 nr_irqs:440 16
[    0.000000] Console: colour VGA+ 80x25
[    0.000000] console [tty1] enabled
[    0.000000] console [ttyS0] enabled
[    0.000000] tsc: Detected 2304.000 MHz processor
[    0.132038] Calibrating delay loop (skipped) preset value.. 4608.00 BogoMIPS (lpj=9216000)
[    0.133597] pid_max: default: 32768 minimum: 301
[    0.134431] ACPI: Core revision 20150930
[    0.135785] ACPI: 2 ACPI AML tables successfully acquired and loaded
[    0.137003] Security Framework initialized
[    0.137834] Yama: becoming mindful.
[    0.138509] AppArmor: AppArmor initialized
[    0.139336] Dentry cache hash table entries: 131072 (order: 8, 1048576 bytes)
[    0.141735] Inode-cache hash table entries: 65536 (order: 7, 524288 bytes)
[    0.142964] Mount-cache hash table entries: 2048 (order: 2, 16384 bytes)
[    0.144131] Mountpoint-cache hash table entries: 2048 (order: 2, 16384 bytes)
[    0.145420] Initializing cgroup subsys io
[    0.146276] Initializing cgroup subsys memory
[    0.147072] Initializing cgroup subsys devices
[    0.147980] Initializing cgroup subsys freezer
[    0.148787] Initializing cgroup subsys net_cls
[    0.149696] Initializing cgroup subsys perf_event
[    0.150540] Initializing cgroup subsys net_prio
[    0.151393] Initializing cgroup subsys hugetlb
[    0.152202] Initializing cgroup subsys pids
[    0.153928] mce: CPU supports 0 MCE banks
[    0.154690] Last level iTLB entries: 4KB 64, 2MB 8, 4MB 8
[    0.155663] Last level dTLB entries: 4KB 64, 2MB 0, 4MB 0, 1GB 4
[    0.156812] Spectre V1 : Mitigation: usercopy/swapgs barriers and __user pointer sanitization
[    0.159575] Spectre V2 : Mitigation: Full generic retpoline
[    0.160569] Spectre V2 : Spectre v2 / SpectreRSB mitigation: Filling RSB on context switch
[    0.162062] Speculative Store Bypass: Vulnerable
[    0.162967] MDS: Mitigation: Clear CPU buffers
[    0.165950] Freeing SMP alternatives memory: 36K
[    0.171095] ftrace: allocating 32318 entries in 127 pages
[    0.215604] smpboot: APIC(0) Converting physical 0 to logical package 0
[    0.217554] smpboot: Max logical packages: 1
[    0.218619] x2apic enabled
[    0.219567] Switched APIC routing to physical x2apic.
[    0.221397] ..TIMER: vector=0x30 apic1=0 pin1=2 apic2=-1 pin2=-1
[    0.327143] smpboot: CPU0: Intel(R) Core(TM) i9-9880H CPU @ 2.30GHz (family: 0x6, model: 0x9e, stepping: 0xd)
[    0.330316] Performance Events: unsupported p6 CPU model 158 no PMU driver, software events only.
[    0.340280] KVM setup paravirtual spinlock
[    0.342126] x86: Booting SMP configuration:
[    0.343087] .... node  #0, CPUs:      #1
[    0.344531] kvm-clock: cpu 1, msr 0:3ffe3041, secondary cpu clock
[    0.347159] mce: CPU supports 0 MCE banks
[    0.350351] x86: Booted up 1 node, 2 CPUs
[    0.351357] smpboot: Total of 2 processors activated (9216.00 BogoMIPS)
[    0.354016] devtmpfs: initialized
[    0.356880] evm: security.selinux
[    0.358037] evm: security.SMACK64
[    0.359207] evm: security.SMACK64EXEC
[    0.360910] evm: security.SMACK64TRANSMUTE
[    0.361672] evm: security.SMACK64MMAP
[    0.362442] evm: security.ima
[    0.363451] evm: security.capability
[    0.364435] clocksource: jiffies: mask: 0xffffffff max_cycles: 0xffffffff, max_idle_ns: 7645041785100000 ns
[    0.366240] futex hash table entries: 512 (order: 3, 32768 bytes)
[    0.367817] pinctrl core: initialized pinctrl subsystem
[    0.370380] RTC time: 18:04:42, date: 09/30/19
[    0.372174] NET: Registered protocol family 16
[    0.383514] cpuidle: using governor ladder
[    0.395203] cpuidle: using governor menu
[    0.396699] PCCT header not found.
[    0.397649] ACPI: bus type PCI registered
[    0.398855] acpiphp: ACPI Hot Plug PCI Controller Driver version: 0.5
[    0.400376] PCI: Using configuration type 1 for base access
[    0.416492] ACPI: Added _OSI(Module Device)
[    0.418027] ACPI: Added _OSI(Processor Device)
[    0.419073] ACPI: Added _OSI(3.0 _SCP Extensions)
[    0.420024] ACPI: Added _OSI(Processor Aggregator Device)
[    0.421912] ACPI: Executed 1 blocks of module-level executable AML code
[    0.425318] ACPI: Interpreter enabled
[    0.426049] ACPI: (supports S0 S5)
[    0.426757] ACPI: Using IOAPIC for interrupt routing
[    0.427802] PCI: Using host bridge windows from ACPI; if necessary, use "pci=nocrs" and report a bug
[    0.432661] ACPI: PCI Root Bridge [PCI0] (domain 0000 [bus 00-ff])
[    0.434811] acpi PNP0A03:00: _OSC: OS supports [ASPM ClockPM Segments MSI]
[    0.436305] acpi PNP0A03:00: _OSC: not requesting OS control; OS requires [ExtendedConfig ASPM ClockPM MSI]
[    0.438120] acpi PNP0A03:00: fail to add MMCONFIG information, can't access extended PCI configuration space under this bridge.
[    0.441068] PCI host bridge to bus 0000:00
[    0.442461] pci_bus 0000:00: root bus resource [io  0x0000-0x0cf7 window]
[    0.443675] pci_bus 0000:00: root bus resource [io  0x0d00-0xffff window]
[    0.444885] pci_bus 0000:00: root bus resource [mem 0x000a0000-0x000bffff window]
[    0.446503] pci_bus 0000:00: root bus resource [mem 0x40000000-0xfdffffff window]
[    0.448212] pci_bus 0000:00: root bus resource [bus 00-ff]
[    0.451993] pci 0000:00:01.1: legacy IDE quirk: reg 0x10: [io  0x01f0-0x01f7]
[    0.453631] pci 0000:00:01.1: legacy IDE quirk: reg 0x14: [io  0x03f6]
[    0.455054] pci 0000:00:01.1: legacy IDE quirk: reg 0x18: [io  0x0170-0x0177]
[    0.456297] pci 0000:00:01.1: legacy IDE quirk: reg 0x1c: [io  0x0376]
[    0.475049] pci 0000:00:07.0: quirk: [io  0x4000-0x403f] claimed by PIIX4 ACPI
[    0.477186] pci 0000:00:07.0: quirk: [io  0x4100-0x410f] claimed by PIIX4 SMB
[    0.485214] ACPI: PCI Interrupt Link [LNKA] (IRQs 5 9 10 *11)
[    0.487227] ACPI: PCI Interrupt Link [LNKB] (IRQs 5 9 *10 11)
[    0.488606] ACPI: PCI Interrupt Link [LNKC] (IRQs 5 *9 10 11)
[    0.490639] ACPI: PCI Interrupt Link [LNKD] (IRQs 5 9 10 *11)
[    0.492047] ACPI: Enabled 2 GPEs in block 00 to 07
[    0.493214] vgaarb: setting as boot device: PCI:0000:00:02.0
[    0.494367] vgaarb: device added: PCI:0000:00:02.0,decodes=io+mem,owns=io+mem,locks=none
[    0.496263] vgaarb: loaded
[    0.497151] vgaarb: bridge control possible 0000:00:02.0
[    0.498484] SCSI subsystem initialized
[    0.499330] ACPI: bus type USB registered
[    0.500137] usbcore: registered new interface driver usbfs
[    0.501158] usbcore: registered new interface driver hub
[    0.502157] usbcore: registered new device driver usb
[    0.503290] PCI: Using ACPI for IRQ routing
[    0.504860] NetLabel: Initializing
[    0.505996] NetLabel:  domain hash size = 128
[    0.506888] NetLabel:  protocols = UNLABELED CIPSOv4
[    0.509225] NetLabel:  unlabeled traffic allowed by default
[    0.510445] amd_nb: Cannot enumerate AMD northbridges
[    0.511965] clocksource: Switched to clocksource kvm-clock
[    0.518876] AppArmor: AppArmor Filesystem Enabled
[    0.520134] pnp: PnP ACPI init
[    0.522286] pnp: PnP ACPI: found 3 devices
[    0.531793] clocksource: acpi_pm: mask: 0xffffff max_cycles: 0xffffff, max_idle_ns: 2085701024 ns
[    0.534254] NET: Registered protocol family 2
[    0.535207] TCP established hash table entries: 8192 (order: 4, 65536 bytes)
[    0.537280] TCP bind hash table entries: 8192 (order: 5, 131072 bytes)
[    0.538458] TCP: Hash tables configured (established 8192 bind 8192)
[    0.539608] UDP hash table entries: 512 (order: 2, 16384 bytes)
[    0.540705] UDP-Lite hash table entries: 512 (order: 2, 16384 bytes)
[    0.541864] NET: Registered protocol family 1
[    0.542712] pci 0000:00:00.0: Limiting direct PCI/PCI transfers
[    0.543955] pci 0000:00:01.0: Activating ISA DMA hang workarounds
[    0.545702] Unpacking initramfs...
[    0.737490] Freeing initrd memory: 15384K
[    0.738902] clocksource: tsc: mask: 0xffffffffffffffff max_cycles: 0x2135f7c97c8, max_idle_ns: 440795273205 ns
[    0.741714] platform rtc_cmos: registered platform RTC device (no PNP device found)
[    0.743570] Scanning for low memory corruption every 60 seconds
[    0.745805] audit: initializing netlink subsys (disabled)
[    0.747192] audit: type=2000 audit(1569866687.709:1): initialized
[    0.748627] Initialise system trusted keyring
[    0.749651] HugeTLB registered 2 MB page size, pre-allocated 0 pages
[    0.751635] zbud: loaded
[    0.752959] VFS: Disk quotas dquot_6.6.0
[    0.753759] VFS: Dquot-cache hash table entries: 512 (order 0, 4096 bytes)
[    0.755198] squashfs: version 4.0 (2009/01/31) Phillip Lougher
[    0.756763] fuse init (API version 7.23)
[    0.757691] Key type big_key registered
[    0.758531] Allocating IMA MOK and blacklist keyrings.
[    0.761138] Key type asymmetric registered
[    0.761953] Asymmetric key parser 'x509' registered
[    0.762985] Block layer SCSI generic (bsg) driver version 0.4 loaded (major 249)
[    0.764922] io scheduler noop registered
[    0.765938] io scheduler deadline registered (default)
[    0.766927] io scheduler cfq registered
[    0.767766] pci_hotplug: PCI Hot Plug PCI Core version: 0.5
[    0.769362] pciehp: PCI Express Hot Plug Controller Driver version: 0.4
[    0.770789] ACPI: AC Adapter [AC] (on-line)
[    0.771644] input: Power Button as /devices/LNXSYSTM:00/LNXPWRBN:00/input/input0
[    0.773255] ACPI: Power Button [PWRF]
[    0.774052] input: Sleep Button as /devices/LNXSYSTM:00/LNXSLPBN:00/input/input1
[    0.775522] ACPI: Sleep Button [SLPF]
[    0.777219] GHES: HEST is not enabled!
[    0.778209] ACPI: Battery Slot [BAT0] (battery present)
[    0.780177] Serial: 8250/16550 driver, 32 ports, IRQ sharing enabled
[    0.802040] 00:02: ttyS0 at I/O 0x3f8 (irq = 4, base_baud = 115200) is a 16550A
[    0.805890] Linux agpgart interface v0.103
[    0.809188] loop: module loaded
[    0.810320] scsi host0: ata_piix
[    0.811112] scsi host1: ata_piix
[    0.811808] ata1: PATA max UDMA/33 cmd 0x1f0 ctl 0x3f6 bmdma 0xd000 irq 14
[    0.813148] ata2: PATA max UDMA/33 cmd 0x170 ctl 0x376 bmdma 0xd008 irq 15
[    0.814563] libphy: Fixed MDIO Bus: probed
[    0.815828] tun: Universal TUN/TAP device driver, 1.6
[    0.817607] tun: (C) 1999-2004 Max Krasnyansky <maxk@qualcomm.com>
[    0.819554] PPP generic driver version 2.4.2
[    0.820614] ehci_hcd: USB 2.0 'Enhanced' Host Controller (EHCI) Driver
[    0.821806] ehci-pci: EHCI PCI platform driver
[    0.822677] ehci-platform: EHCI generic platform driver
[    0.824129] ohci_hcd: USB 1.1 'Open' Host Controller (OHCI) Driver
[    0.825537] ohci-pci: OHCI PCI platform driver
[    0.826635] ohci-platform: OHCI generic platform driver
[    0.827975] uhci_hcd: USB Universal Host Controller Interface driver
[    0.829222] i8042: PNP: PS/2 Controller [PNP0303:PS2K,PNP0f03:PS2M] at 0x60,0x64 irq 1,12
[    0.832534] serio: i8042 KBD port at 0x60,0x64 irq 1
[    0.833518] serio: i8042 AUX port at 0x60,0x64 irq 12
[    0.834699] mousedev: PS/2 mouse device common for all mice
[    0.836311] input: AT Translated Set 2 keyboard as /devices/platform/i8042/serio0/input/input2
[    0.838712] rtc_cmos rtc_cmos: rtc core: registered rtc_cmos as rtc0
[    0.840486] rtc_cmos rtc_cmos: alarms up to one day, 114 bytes nvram
[    0.841853] i2c /dev entries driver
[    0.842617] device-mapper: uevent: version 1.0.3
[    0.843644] device-mapper: ioctl: 4.34.0-ioctl (2015-10-28) initialised: dm-devel@redhat.com
[    0.845326] ledtrig-cpu: registered to indicate activity on CPUs
[    0.847202] NET: Registered protocol family 10
[    0.848829] NET: Registered protocol family 17
[    0.849715] Key type dns_resolver registered
[    0.850840] registered taskstats version 1
[    0.851677] Loading compiled-in X.509 certificates
[    0.853085] Loaded X.509 cert 'Build time autogenerated kernel key: 24ad63d1d4c33254da6414eafe38a3477ac7de99'
[    0.854973] zswap: loaded using pool lzo/zbud
[    0.857486] Key type trusted registered
[    0.860503] Key type encrypted registered
[    0.861313] AppArmor: AppArmor sha1 policy hashing enabled
[    0.862351] ima: No TPM chip found, activating TPM-bypass!
[    0.863727] ima: Allocated hash algorithm: sha1
[    0.865069] evm: HMAC attrs: 0x1
[    0.866145]   Magic number: 3:696:90
[    0.866987] rtc_cmos rtc_cmos: setting system clock to 2019-09-30 18:04:43 UTC (1569866683)
[    0.869543] BIOS EDD facility v0.16 2004-Jun-25, 0 devices found
[    0.871259] EDD information not available.
[    0.973372] Freeing unused kernel memory: 1488K
[    0.974699] Write protecting the kernel read-only data: 14336k
[    0.976303] Freeing unused kernel memory: 1608K
[    0.977359] Freeing unused kernel memory: 64K
Loading, please wait...
starting version 229
[    0.988191] random: systemd-udevd: uninitialized urandom read (16 bytes read, 3 bits of entropy available)
[    0.988522] random: udevadm: uninitialized urandom read (16 bytes read, 3 bits of entropy available)
[    0.988535] random: udevadm: uninitialized urandom read (16 bytes read, 3 bits of entropy available)
[    0.993464] random: udevadm: uninitialized urandom read (16 bytes read, 3 bits of entropy available)
[    0.993492] random: udevadm: uninitialized urandom read (16 bytes read, 3 bits of entropy available)
[    0.993577] random: udevadm: uninitialized urandom read (16 bytes read, 3 bits of entropy available)
[    0.993607] random: udevadm: uninitialized urandom read (16 bytes read, 3 bits of entropy available)
[    0.993638] random: udevadm: uninitialized urandom read (16 bytes read, 3 bits of entropy available)
[    0.993668] random: udevadm: uninitialized urandom read (16 bytes read, 3 bits of entropy available)
[    0.993697] random: udevadm: uninitialized urandom read (16 bytes read, 3 bits of entropy available)
[    1.035281] e1000: Intel(R) PRO/1000 Network Driver - version 7.3.21-k8-NAPI
[    1.037951] e1000: Copyright (c) 1999-2006 Intel Corporation.
[    1.048636] Fusion MPT base driver 3.04.20
[    1.050227] Copyright (c) 1999-2008 LSI Corporation
[    1.066560] AVX2 version of gcm_enc/dec engaged.
[    1.068371] AES CTR mode by8 optimization enabled
[    1.074872] Fusion MPT SPI Host driver 3.04.20
[    1.264228] input: ImExPS/2 Generic Explorer Mouse as /devices/platform/i8042/serio1/input/input4
[    1.438067] e1000 0000:00:03.0 eth0: (PCI:33MHz:32-bit) 02:af:57:b2:64:eb
[    1.440151] e1000 0000:00:03.0 eth0: Intel(R) PRO/1000 Network Connection
[    1.442862] mptbase: ioc0: Initiating bringup
[    1.515690] ioc0: LSI53C1030 A0: Capabilities={Initiator}
[    2.475705] scsi host2: ioc0: LSI53C1030 A0, FwRev=00000000h, Ports=1, MaxQ=256, IRQ=20
[    3.026844] scsi 2:0:0:0: Direct-Access     VBOX     HARDDISK         1.0  PQ: 0 ANSI: 5
[    3.030812] scsi target2:0:0: Beginning Domain Validation
[    3.035361] scsi target2:0:0: Domain Validation skipping write tests
[    3.037217] scsi target2:0:0: Ending Domain Validation
[    3.038825] scsi target2:0:0: asynchronous
[    3.040624] scsi 2:0:1:0: Direct-Access     VBOX     HARDDISK         1.0  PQ: 0 ANSI: 5
[    3.042888] scsi target2:0:1: Beginning Domain Validation
[    3.046126] scsi target2:0:1: Domain Validation skipping write tests
[    3.047607] scsi target2:0:1: Ending Domain Validation
[    3.049138] scsi target2:0:1: asynchronous
[    3.064561] sd 2:0:0:0: Attached scsi generic sg0 type 0
[    3.074966] sd 2:0:0:0: [sda] 20971520 512-byte logical blocks: (10.7 GB/10.0 GiB)
[    3.077333] sd 2:0:1:0: Attached scsi generic sg1 type 0
[    3.078974] sd 2:0:1:0: [sdb] 20480 512-byte logical blocks: (10.5 MB/10.0 MiB)
[    3.081161] sd 2:0:0:0: [sda] Write Protect is off
[    3.082423] sd 2:0:1:0: [sdb] Write Protect is off
[    3.083855] sd 2:0:0:0: [sda] Incomplete mode parameter data
[    3.085544] sd 2:0:0:0: [sda] Assuming drive cache: write through
[    3.086924] sd 2:0:1:0: [sdb] Incomplete mode parameter data
[    3.089135] sd 2:0:1:0: [sdb] Assuming drive cache: write through
[    3.093692]  sda: sda1
[    3.095602] sd 2:0:1:0: [sdb] Attached SCSI disk
[    3.096671] sd 2:0:0:0: [sda] Attached SCSI disk
[    3.409987] e1000 0000:00:08.0 eth1: (PCI:33MHz:32-bit) 08:00:27:19:15:0b
[    3.411889] e1000 0000:00:08.0 eth1: Intel(R) PRO/1000 Network Connection
[    3.414846] e1000 0000:00:03.0 enp0s3: renamed from eth0
[    3.433861] e1000 0000:00:08.0 enp0s8: renamed from eth1
Begin: Loading essential drivers ... [    4.682022] md: linear personality registered for level -1
[    4.685841] md: multipath personality registered for level -4
[    4.689536] md: raid0 personality registered for level 0
[    4.694949] md: raid1 personality registered for level 1
[    4.764163] raid6: sse2x1   gen() 12092 MB/s
[    4.831992] raid6: sse2x1   xor()  8767 MB/s
[    4.900261] raid6: sse2x2   gen() 18474 MB/s
[    4.968326] raid6: sse2x2   xor() 11124 MB/s
[    5.036195] raid6: sse2x4   gen() 19122 MB/s
[    5.104184] raid6: sse2x4   xor() 12072 MB/s
[    5.171984] raid6: avx2x1   gen() 25527 MB/s
[    5.240011] raid6: avx2x2   gen() 32431 MB/s
[    5.308003] raid6: avx2x4   gen() 33754 MB/s
[    5.309219] raid6: using algorithm avx2x4 gen() 33754 MB/s
[    5.310358] raid6: using avx2x2 recovery algorithm
[    5.312533] xor: automatically using best checksumming function:
[    5.352254]    avx       : 31744.000 MB/sec
[    5.354267] async_tx: api initialized (async)
[    5.363171] md: raid6 personality registered for level 6
[    5.364334] md: raid5 personality registered for level 5
[    5.366213] md: raid4 personality registered for level 4
[    5.372474] md: raid10 personality registered for level 10
done.
Begin: Running /scripts/init-premount ... done.
Begin: Mounting root file system ... Begin: Running /scripts/local-top ... done.
Begin: Running /scripts/local-premount ... [    5.395196] Btrfs loaded
Scanning for Btrfs filesystems
done.
Warning: fsck not present, so skipping root file system
[    5.418705] EXT4-fs (sda1): mounted filesystem with ordered data mode. Opts: (null)
done.
Begin: Running /scripts/local-bottom ... done.
Begin: Running /scripts/init-bottom ... done.
[    5.504550] systemd[1]: systemd 229 running in system mode. (+PAM +AUDIT +SELINUX +IMA +APPARMOR +SMACK +SYSVINIT +UTMP +LIBCRYPTSETUP +GCRYPT +GNUTLS +ACL +XZ -LZ4 +SECCOMP +BLKID +ELFUTILS +KMOD -IDN)
[    5.507974] systemd[1]: Detected virtualization oracle.
[    5.509566] systemd[1]: Detected architecture x86-64.

Welcome to [1mUbuntu 16.04.6 LTS[0m!

[    5.513778] systemd[1]: Set hostname to <ubuntu-xenial>.
[    5.620486] systemd[1]: Listening on Syslog Socket.
[[0;32m  OK  [0m] Listening on Syslog Socket.
[    5.622509] systemd[1]: Listening on udev Kernel Socket.
[[0;32m  OK  [0m] Listening on udev Kernel Socket.
[    5.624536] systemd[1]: Listening on udev Control Socket.
[[0;32m  OK  [0m] Listening on udev Control Socket.
[    5.632644] systemd[1]: Reached target Swap.
[[0;32m  OK  [0m] Reached target Swap.
[    5.635333] systemd[1]: Created slice User and Session Slice.
[[0;32m  OK  [0m] Created slice User and Session Slice.
[    5.637817] systemd[1]: Started Forward Password Requests to Wall Directory Watch.
[[0;32m  OK  [0m] Started Forward Password Requests to Wall Directory Watch.
[    5.640727] systemd[1]: Set up automount Arbitrary Executable File Formats File System Automount Point.
[[0;32m  OK  [0m] Set up automount Arbitrary Executab...ats File System Automount Point.
[    5.648340] systemd[1]: Reached target System Time Synchronized.
[[0;32m  OK  [0m] Reached target System Time Synchronized.
[    5.651525] systemd[1]: Created slice System Slice.
[[0;32m  OK  [0m] Created slice System Slice.
[    5.653296] systemd[1]: Reached target Slices.
[[0;32m  OK  [0m] Reached target Slices.
[    5.655335] systemd[1]: Reached target Encrypted Volumes.
[[0;32m  OK  [0m] Reached target Encrypted Volumes.
[    5.657655] systemd[1]: Listening on LVM2 poll daemon socket.
[[0;32m  OK  [0m] Listening on LVM2 poll daemon socket.
[    5.664664] systemd[1]: Listening on Device-mapper event daemon FIFOs.
[[0;32m  OK  [0m] Listening on Device-mapper event daemon FIFOs.
[    5.672355] systemd[1]: Listening on Journal Audit Socket.
[[0;32m  OK  [0m] Listening on Journal Audit Socket.
[    5.675326] systemd[1]: Listening on /dev/initctl Compatibility Named Pipe.
[[0;32m  OK  [0m] Listening on /dev/initctl Compatibility Named Pipe.
[    5.678284] systemd[1]: Reached target User and Group Name Lookups.
[[0;32m  OK  [0m] Reached target User and Group Name Lookups.
[    5.680428] systemd[1]: Listening on Journal Socket (/dev/log).
[[0;32m  OK  [0m] Listening on Journal Socket (/dev/log).
[    5.682831] systemd[1]: Listening on Journal Socket.
[[0;32m  OK  [0m] Listening on Journal Socket.
[    5.700829] systemd[1]: Starting Create list of required static device nodes for the current kernel...
         Starting Create list of required st... nodes for the current kernel...
[    5.714093] systemd[1]: Starting Journal Service...
         Starting Journal Service...
[    5.717919] systemd[1]: Starting Nameserver information manager...
         Starting Nameserver information manager...
[    5.729069] systemd[1]: Starting Uncomplicated firewall...
         Starting Uncomplicated firewall...
[    5.733140] systemd[1]: Mounting POSIX Message Queue File System...
         Mounting POSIX Message Queue File System...
[    5.736571] systemd[1]: Starting Remount Root and Kernel File Systems...
         Starting Remount Root and Kernel File Systems...
[    5.741647] EXT4-fs (sda1): re-mounted. Opts: (null)
[    5.744567] systemd[1]: Mounting Huge Pages File System...
         Mounting Huge Pages File System...
[    5.748390] systemd[1]: Starting Set console keymap...
         Starting Set console keymap...
[    5.752670] systemd[1]: Starting Load Kernel Modules...
         Starting Load Kernel Modules...
[    5.758198] systemd[1]: Mounting Debug File System...
         Mounting Debug File System...
[    5.760946] systemd[1]: Created slice system-serial\x2dgetty.slice.
[[0;32m  OK  [0m] Created slice system-serial\x2dgetty.slice.
[    5.764148] Loading iSCSI transport class v2.0-870.
[    5.764164] systemd[1]: Listening on LVM2 metadata daemon socket.
[[0;32m  OK  [0m] Listening on LVM2 metadata daemon socket.
[    5.772115] iscsi: registered transport (tcp)
[    5.772494] systemd[1]: Starting Monitoring of LVM2 mirrors, snapshots etc. using dmeventd or progress polling...
         Starting Monitoring of LVM2 mirrors... dmeventd or progress polling...
[    5.776604] systemd[1]: Started Trigger resolvconf update for networkd DNS.
[[0;32m  OK  [0m] Started Trigger resolvconf update for networkd DNS.
[    5.780682] systemd[1]: Mounted Debug File System.
[[0;32m  OK  [0m] Mounted Debug File System.
[    5.782695] systemd[1]: Mounted POSIX Message Queue File System.
[[0;32m  OK  [0m] Mounted POSIX Message Queue File System.
[    5.784835] systemd[1]: Mounted Huge Pages File System.
[[0;32m  OK  [0m] Mounted Huge Pages File System.
[    5.792401] systemd[1]: Started Journal Service.
[[0;32m  OK  [0m] Started Journal Service.
[[0;32m  OK  [0m] Started Create list of required sta...ce nodes for the current kernel.
[    5.806888] iscsi: registered transport (iser)
[[0;32m  OK  [0m] Started Uncomplicated firewall.
[[0;32m  OK  [0m] Started Remount Root and Kernel File Systems.
[[0;32m  OK  [0m] Started Set console keymap.
[[0;32m  OK  [0m] Started Load Kernel Modules.
[[0;32m  OK  [0m] Started Nameserver information manager.
[[0;32m  OK  [0m] Started LVM2 metadata daemon.
         Starting Apply Kernel Variables...
         Mounting FUSE Control File System...
         Starting udev Coldplug all Devices...
         Starting Load/Save Random Seed...
         Starting Create Static Device Nodes in /dev...
         Starting Flush Journal to Persistent Storage...
[[0;32m  OK  [0m] Mounted FUSE Control File System.
[[0;32m  OK  [0m] Started Apply Kernel Variables.
[[0;32m  OK  [0m] Started Load/Save Random Seed.
[[0;32m  OK  [0m] Started Create Static Device Nodes in /dev.
[[0;32m  OK  [0m] Started Flush Journal to Persistent Storage.
         Starting udev Kernel Device Manager...
[[0;32m  OK  [0m] Started udev Coldplug all Devices.
[[0;32m  OK  [0m] Started udev Kernel Device Manager.
[[0;32m  OK  [0m] Started Dispatch Password Requests to Console Directory Watch.
[[0;32m  OK  [0m] Found device /dev/ttyS0.
[[0;32m  OK  [0m] Listening on Load/Save RF Kill Switch Status /dev/rfkill Watch.
[[0;32m  OK  [0m] Found device 82540EM Gigabit Ethern...r (PRO/1000 MT Desktop Adapter).
[[0;32m  OK  [0m] Found device 82540EM Gigabit Ethern...r (PRO/1000 MT Desktop Adapter).
[[0;32m  OK  [0m] Started Monitoring of LVM2 mirrors,...ng dmeventd or progress polling.
[[0;32m  OK  [0m] Reached target Local File Systems (Pre).
[[0;32m  OK  [0m] Reached target Local File Systems.
         Starting Tell Plymouth To Write Out Runtime Data...
         Starting Initial cloud-init job (pre-networking)...
         Starting Create Volatile Files and Directories...
         Starting Set console font and keymap...
         Starting LSB: AppArmor initialization...
[[0;32m  OK  [0m] Started Tell Plymouth To Write Out Runtime Data.
[[0;32m  OK  [0m] Started Create Volatile Files and Directories.
         Starting Update UTMP about System Boot/Shutdown...
[[0;32m  OK  [0m] Started LSB: AppArmor initialization.
[[0;32m  OK  [0m] Started Update UTMP about System Boot/Shutdown.
[[0;32m  OK  [0m] Started Set console font and keymap.
[[0;32m  OK  [0m] Created slice system-getty.slice.
[    6.681855] cloud-init[646]: Cloud-init v. 19.2-24-ge7881d5c-0ubuntu1~16.04.1 running 'init-local' at Mon, 30 Sep 2019 18:04:49 +0000. Up 6.51 seconds.
[[0;32m  OK  [0m] Started Initial cloud-init job (pre-networking).
[[0;32m  OK  [0m] Reached target Network (Pre).
[[0;32m  OK  [0m] Started ifup for enp0s8.
         Starting Raise network interfaces...
[[0;32m  OK  [0m] Started ifup for enp0s3.
[[0;32m  OK  [0m] Started Raise network interfaces.
         Starting Initial cloud-init job (metadata service crawler)...
[[0;32m  OK  [0m] Reached target Network.
[    7.172636] cloud-init[1079]: Cloud-init v. 19.2-24-ge7881d5c-0ubuntu1~16.04.1 running 'init' at Mon, 30 Sep 2019 18:04:49 +0000. Up 7.02 seconds.
[    7.174674] cloud-init[1079]: ci-info: ++++++++++++++++++++++++++++++++++++++Net device info+++++++++++++++++++++++++++++++++++++++
[    7.176086] cloud-init[1079]: ci-info: +--------+------+-----------------------------+---------------+--------+-------------------+
[    7.184841] cloud-init[1079]: ci-info: | Device |  Up  |           Address           |      Mask     | Scope  |     Hw-Address    |
[    7.186206] cloud-init[1079]: ci-info: +--------+------+-----------------------------+---------------+--------+-------------------+
[    7.192912] cloud-init[1079]: ci-info: | enp0s3 | True |          10.0.2.15          | 255.255.255.0 | global | 02:af:57:b2:64:eb |
[    7.194752] cloud-init[1079]: ci-info: | enp0s3 | True |  fe80::af:57ff:feb2:64eb/64 |       .       |  link  | 02:af:57:b2:64:eb |
[    7.196150] cloud-init[1079]: ci-info: | enp0s8 | True |        192.168.33.10        | 255.255.255.0 | global | 08:00:27:19:15:0b |
[    7.197708] cloud-init[1079]: ci-info: | enp0s8 | True | fe80::a00:27ff:fe19:150b/64 |       .       |  link  | 08:00:27:19:15:0b |
[    7.200165] cloud-init[1079]: ci-info: |   lo   | True |          127.0.0.1          |   255.0.0.0   |  host  |         .         |
[    7.202510] cloud-init[1079]: ci-info: |   lo   | True |           ::1/128           |       .       |  host  |         .         |
[    7.204836] cloud-init[1079]: ci-info: +--------+------+-----------------------------+---------------+--------+-------------------+
[    7.207139] cloud-init[1079]: ci-info: ++++++++++++++++++++++++++++Route IPv4 info++++++++++++++++++++++++++++
[    7.209160] cloud-init[1079]: ci-info: +-------+--------------+----------+---------------+-----------+-------+
[    7.211175] cloud-init[1079]: ci-info: | Route | Destination  | Gateway  |    Genmask    | Interface | Flags |
[    7.213304] cloud-init[1079]: ci-info: +-------+--------------+----------+---------------+-----------+-------+
[    7.215391] cloud-init[1079]: ci-info: |   0   |   0.0.0.0    | 10.0.2.2 |    0.0.0.0    |   enp0s3  |   UG  |
[    7.217480] cloud-init[1079]: ci-info: |   1   |   10.0.2.0   | 0.0.0.0  | 255.255.255.0 |   enp0s3  |   U   |
[    7.219460] cloud-init[1079]: ci-info: |   2   | 192.168.33.0 | 0.0.0.0  | 255.255.255.0 |   enp0s8  |   U   |
[    7.221385] cloud-init[1079]: ci-info: +-------+--------------+----------+---------------+-----------+-------+
[    7.223279] cloud-init[1079]: ci-info: +++++++++++++++++++Route IPv6 info+++++++++++++++++++
[    7.225108] cloud-init[1079]: ci-info: +-------+-------------+---------+-----------+-------+
[    7.226837] cloud-init[1079]: ci-info: | Route | Destination | Gateway | Interface | Flags |
[    7.229106] cloud-init[1079]: ci-info: +-------+-------------+---------+-----------+-------+
[    7.230834] cloud-init[1079]: ci-info: |   0   |  fe80::/64  |    ::   |   enp0s8  |   U   |
[    7.232529] cloud-init[1079]: ci-info: |   1   |  fe80::/64  |    ::   |   enp0s3  |   U   |
[    7.234246] cloud-init[1079]: ci-info: |   4   |   ff00::/8  |    ::   |   enp0s8  |   U   |
[    7.235934] cloud-init[1079]: ci-info: |   5   |   ff00::/8  |    ::   |   enp0s3  |   U   |
[    7.237621] cloud-init[1079]: ci-info: +-------+-------------+---------+-----------+-------+
[[0;32m  OK  [0m] Started Initial cloud-init job (metadata service crawler).
[[0;32m  OK  [0m] Reached target Network is Online.
         Starting iSCSI initiator daemon (iscsid)...
[[0;32m  OK  [0m] Reached target System Initialization.
[[0;32m  OK  [0m] Started Daily Cleanup of Temporary Directories.
         Starting Socket activation for snappy daemon.
         Starting LXD - unix socket.
[[0;32m  OK  [0m] Listening on UUID daemon activation socket.
[[0;32m  OK  [0m] Listening on ACPID Listen Socket.
[[0;32m  OK  [0m] Started ACPI Events Check.
[[0;32m  OK  [0m] Reached target Paths.
[[0;32m  OK  [0m] Started Daily apt download activities.
[[0;32m  OK  [0m] Started Daily apt upgrade and clean activities.
[[0;32m  OK  [0m] Reached target Timers.
[[0;32m  OK  [0m] Listening on D-Bus System Message Bus Socket.
[[0;32m  OK  [0m] Reached target Cloud-config availability.
[[0;32m  OK  [0m] Listening on Socket activation for snappy daemon.
[[0;32m  OK  [0m] Listening on LXD - unix socket.
[[0;32m  OK  [0m] Started iSCSI initiator daemon (iscsid).
         Starting Login to default iSCSI targets...
[[0;32m  OK  [0m] Reached target Sockets.
[[0;32m  OK  [0m] Reached target Basic System.
         Starting LSB: MD monitoring daemon...
         Starting Virtualbox guest utils...
         Starting LSB: Record successful boot for GRUB...
         Starting Login Service...
         Starting System Logging Service...
[[0;32m  OK  [0m] Started Regular background program processing daemon.
         Starting Accounts Service...
         Starting MySQL Community Server...
         Starting /etc/rc.local Compatibility...
[[0;32m  OK  [0m] Started ACPI event daemon.
         Starting LXD - container startup/shutdown...
[[0;32m  OK  [0m] Started FUSE filesystem for LXC.
[[0;32m  OK  [0m] Started Deferred execution scheduler.
         Starting OpenBSD Secure Shell server...
[[0;32m  OK  [0m] Started D-Bus System Message Bus.
         Starting Snappy daemon...
[[0;32m  OK  [0m] Started System Logging Service.
[[0;32m  OK  [0m] Started /etc/rc.local Compatibility.
[[0;32m  OK  [0m] Started OpenBSD Secure Shell server.
[[0;32m  OK  [0m] Started LSB: MD monitoring daemon.
[[0;32m  OK  [0m] Started LSB: Record successful boot for GRUB.
[[0;32m  OK  [0m] Started LXD - container startup/shutdown.
[[0;32m  OK  [0m] Started Login to default iSCSI targets.
[[0;32m  OK  [0m] Started Virtualbox guest utils.
[[0;32m  OK  [0m] Started Login Service.
[[0;32m  OK  [0m] Started Unattended Upgrades Shutdown.
         Starting Authenticate and Authorize Users to Run Privileged Tasks...
[[0;32m  OK  [0m] Reached target Remote File Systems (Pre).
[[0;32m  OK  [0m] Reached target Remote File Systems.
         Starting LSB: Set the CPU Frequency Scaling governor to "ondemand"...
         Starting Permit User Sessions...
         Starting LSB: daemon to balance interrupts for SMP systems...
         Starting LSB: automatic crash report generation...
         Starting LSB: Apache2 web server...
[[0;32m  OK  [0m] Started Permit User Sessions.
[[0;32m  OK  [0m] Started LSB: Set the CPU Frequency Scaling governor to "ondemand".
[[0;32m  OK  [0m] Started Authenticate and Authorize Users to Run Privileged Tasks.
[[0;32m  OK  [0m] Started Accounts Service.
         Starting Terminate Plymouth Boot Screen...
         Starting Hold until boot process finishes up...
[[0;32m  OK  [0m] Started LSB: daemon to balance interrupts for SMP systems.
[[0;32m  OK  [0m] Started LSB: automatic crash report generation.
[[0;32m  OK  [0m] Started Terminate Plymouth Boot Screen.
[[0;32m  OK  [0m] Started Hold until boot process finishes up.
[[0;32m  OK  [0m] Started Getty on tty1.
         Starting Set console scheme...
[[0;32m  OK  [0m] Started Serial Getty on ttyS0.
[[0;32m  OK  [0m] Reached target Login Prompts.
[[0;32m  OK  [0m] Started Snappy daemon.
[[0;32m  OK  [0m] Started Set console scheme.
         Starting Wait until snapd is fully seeded...
[[0;32m  OK  [0m] Started Wait until snapd is fully seeded.
         Starting Apply the settings specified in cloud-config...
[    8.079405] cloud-init[1374]: Cloud-init v. 19.2-24-ge7881d5c-0ubuntu1~16.04.1 running 'modules:config' at Mon, 30 Sep 2019 18:04:50 +0000. Up 8.02 seconds.
[[0;32m  OK  [0m] Started Apply the settings specified in cloud-config.
[[0;32m  OK  [0m] Started MySQL Community Server.
[[0;32m  OK  [0m] Started LSB: Apache2 web server.
[[0;32m  OK  [0m] Reached target Multi-User System.
         Starting Execute cloud user/final scripts...
[[0;32m  OK  [0m] Reached target Graphical Interface.
         Starting Update UTMP about System Runlevel Changes...
[[0;32m  OK  [0m] Started Update UTMP about System Runlevel Changes.
[    9.305753] cloud-init[1428]: Cloud-init v. 19.2-24-ge7881d5c-0ubuntu1~16.04.1 running 'modules:final' at Mon, 30 Sep 2019 18:04:52 +0000. Up 9.24 seconds.
[    9.312601] cloud-init[1428]: Cloud-init v. 19.2-24-ge7881d5c-0ubuntu1~16.04.1 finished at Mon, 30 Sep 2019 18:04:52 +0000. Datasource DataSourceNoCloud [seed=/dev/sdb][dsmode=net].  Up 9.30 seconds
[[0;32m  OK  [0m] Started Execute cloud user/final scripts.
[[0;32m  OK  [0m] Reached target Cloud-init target.

Ubuntu 16.04.6 LTS ubuntu-xenial ttyS0

ubuntu-xenial login: 